2025-07-17 07:33:44,714 INFO Target event predictor Pipeline
2025-07-17 07:33:44,714 INFO Loading data...
2025-07-17 07:35:22,836 INFO Preparing data...
2025-07-17 07:35:22,836 INFO Creating model...
2025-07-17 07:35:22,838 INFO Fitting model...
2025-07-17 07:40:55,919 INFO A new study created in memory with name: no-name-c9a320ba-04d7-4882-9a14-c4f009bb4402
2025-07-17 07:41:12,769 INFO Trial 0 finished with value: 0.6996293864380045 and parameters: {'feature_fraction': 0.6872700594236812, 'num_leaves': 244, 'bagging_fraction': 0.8659969709057025, 'min_sum_hessian_in_leaf': 0.24810409748678125, 'reg_alpha': 2.5361081166471375e-07, 'reg_lambda': 2.5348407664333426e-07}. Best is trial 0 with value: 0.6996293864380045.
2025-07-17 07:41:32,205 INFO Trial 1 finished with value: 0.7024092065149364 and parameters: {'feature_fraction': 0.5290418060840998, 'num_leaves': 223, 'bagging_fraction': 0.8005575058716043, 'min_sum_hessian_in_leaf': 0.679657809075816, 'reg_alpha': 1.5320059381854043e-08, 'reg_lambda': 5.360294728728285}. Best is trial 1 with value: 0.7024092065149364.
2025-07-17 07:41:48,060 INFO Trial 2 finished with value: 0.6970875819385587 and parameters: {'feature_fraction': 0.9162213204002109, 'num_leaves': 66, 'bagging_fraction': 0.5909124836035503, 'min_sum_hessian_in_leaf': 0.00541524411940254, 'reg_alpha': 5.472429642032198e-06, 'reg_lambda': 0.00052821153945323}. Best is trial 1 with value: 0.7024092065149364.
2025-07-17 07:42:03,737 INFO Trial 3 finished with value: 0.698616912620598 and parameters: {'feature_fraction': 0.7159725093210578, 'num_leaves': 85, 'bagging_fraction': 0.8059264473611898, 'min_sum_hessian_in_leaf': 0.003613894271216527, 'reg_alpha': 4.258943089524393e-06, 'reg_lambda': 1.9826980964985924e-05}. Best is trial 1 with value: 0.7024092065149364.
2025-07-17 07:42:17,575 INFO Trial 4 finished with value: 0.6969741681608523 and parameters: {'feature_fraction': 0.728034992108518, 'num_leaves': 204, 'bagging_fraction': 0.5998368910791798, 'min_sum_hessian_in_leaf': 0.11400863701127326, 'reg_alpha': 0.0021465011216654484, 'reg_lambda': 2.6185068507773707e-08}. Best is trial 1 with value: 0.7024092065149364.
2025-07-17 07:42:45,486 INFO Trial 5 finished with value: 0.6996361290654871 and parameters: {'feature_fraction': 0.8037724259507192, 'num_leaves': 56, 'bagging_fraction': 0.5325257964926398, 'min_sum_hessian_in_leaf': 6.245139574743075, 'reg_alpha': 4.905556676028774, 'reg_lambda': 0.18861495878553936}. Best is trial 1 with value: 0.7024092065149364.
2025-07-17 07:43:02,266 INFO Trial 6 finished with value: 0.6979661403307751 and parameters: {'feature_fraction': 0.6523068845866853, 'num_leaves': 39, 'bagging_fraction': 0.8421165132560784, 'min_sum_hessian_in_leaf': 0.057624872164786026, 'reg_alpha': 1.254134495897175e-07, 'reg_lambda': 0.00028614897264046574}. Best is trial 1 with value: 0.7024092065149364.
2025-07-17 07:43:16,121 INFO Trial 7 finished with value: 0.6976546298477948 and parameters: {'feature_fraction': 0.5171942605576092, 'num_leaves': 234, 'bagging_fraction': 0.6293899908000085, 'min_sum_hessian_in_leaf': 0.4467752817973907, 'reg_alpha': 6.388511557344611e-06, 'reg_lambda': 0.0004793052550782129}. Best is trial 1 with value: 0.7024092065149364.
2025-07-17 07:43:51,905 INFO Trial 8 finished with value: 0.7018892636254374 and parameters: {'feature_fraction': 0.7733551396716398, 'num_leaves': 60, 'bagging_fraction': 0.9847923138822793, 'min_sum_hessian_in_leaf': 1.2604664585649468, 'reg_alpha': 2.854239907497756, 'reg_lambda': 1.1309571585271483}. Best is trial 1 with value: 0.7024092065149364.
2025-07-17 07:44:06,943 INFO Trial 9 finished with value: 0.6957841882260506 and parameters: {'feature_fraction': 0.7989499894055425, 'num_leaves': 237, 'bagging_fraction': 0.5442462510259598, 'min_sum_hessian_in_leaf': 0.006080390190296602, 'reg_alpha': 2.5529693461039728e-08, 'reg_lambda': 8.471746987003668e-06}. Best is trial 1 with value: 0.7024092065149364.
2025-07-17 07:44:28,393 INFO Trial 10 finished with value: 0.7012962225164248 and parameters: {'feature_fraction': 0.5102651048435158, 'num_leaves': 155, 'bagging_fraction': 0.7149885992524332, 'min_sum_hessian_in_leaf': 5.376638637951059, 'reg_alpha': 0.005764962972197562, 'reg_lambda': 0.03969950572380494}. Best is trial 1 with value: 0.7024092065149364.
2025-07-17 07:45:01,211 INFO Trial 11 finished with value: 0.7017336471871051 and parameters: {'feature_fraction': 0.9140679697345675, 'num_leaves': 118, 'bagging_fraction': 0.9734809381950746, 'min_sum_hessian_in_leaf': 0.8987153901963651, 'reg_alpha': 8.540823200302832, 'reg_lambda': 3.253025590604337}. Best is trial 1 with value: 0.7024092065149364.
2025-07-17 07:45:29,033 INFO Trial 12 finished with value: 0.7021430943416562 and parameters: {'feature_fraction': 0.6099470674221126, 'num_leaves': 144, 'bagging_fraction': 0.993388667319079, 'min_sum_hessian_in_leaf': 1.394116551845628, 'reg_alpha': 0.1290402830180643, 'reg_lambda': 9.613811885075883}. Best is trial 1 with value: 0.7024092065149364.
2025-07-17 07:45:46,748 INFO Trial 13 finished with value: 0.6992989740527173 and parameters: {'feature_fraction': 0.5906464406922772, 'num_leaves': 171, 'bagging_fraction': 0.9189423921295965, 'min_sum_hessian_in_leaf': 0.02414209646971332, 'reg_alpha': 0.07773497390295414, 'reg_lambda': 0.038141596204567835}. Best is trial 1 with value: 0.7024092065149364.
2025-07-17 07:46:09,659 INFO Trial 14 finished with value: 0.702327825758079 and parameters: {'feature_fraction': 0.623712088801301, 'num_leaves': 190, 'bagging_fraction': 0.7406442464830114, 'min_sum_hessian_in_leaf': 1.5464975857178822, 'reg_alpha': 0.00020129835352418815, 'reg_lambda': 8.475551612313975}. Best is trial 1 with value: 0.7024092065149364.
2025-07-17 07:55:39,665 INFO A new study created in memory with name: no-name-cb0484fa-b196-40dd-a265-07bfe8b9ffe1
2025-07-17 07:57:34,773 INFO Trial 0 finished with value: 0.6975195546516738 and parameters: {'max_depth': 4, 'nan_mode': 'Max', 'l2_leaf_reg': 0.0024430162614261413, 'min_data_in_leaf': 4}. Best is trial 0 with value: 0.6975195546516738.
2025-07-17 08:11:14,364 INFO Model training completed. Model evaluation...
2025-07-17 08:18:16,382 INFO model: TabularAutoML, roc_auc: 0.7344, accuracy: 0.97
2025-07-17 08:18:16,382 INFO Saving model...
2025-07-17 08:18:19,540 INFO Model is saved as ./models/TabularAutoML.pkl
